F:\1_Bizgaze_webrtc\_Project\bizgaze_meeting\videoconf\scripts\build\enum\MediaType.js
F:\1_Bizgaze_webrtc\_Project\bizgaze_meeting\videoconf\scripts\build\enum\MediaType.js.map
F:\1_Bizgaze_webrtc\_Project\bizgaze_meeting\videoconf\scripts\build\jitsi\JitsiTrack.js
F:\1_Bizgaze_webrtc\_Project\bizgaze_meeting\videoconf\scripts\build\jitsi\JitsiTrack.js.map
F:\1_Bizgaze_webrtc\_Project\bizgaze_meeting\videoconf\scripts\build\util\snippet.js
F:\1_Bizgaze_webrtc\_Project\bizgaze_meeting\videoconf\scripts\build\util\snippet.js.map
F:\1_Bizgaze_webrtc\_Project\bizgaze_meeting\videoconf\scripts\build\enum\MeetingType.js
F:\1_Bizgaze_webrtc\_Project\bizgaze_meeting\videoconf\scripts\build\enum\MeetingType.js.map
F:\1_Bizgaze_webrtc\_Project\bizgaze_meeting\videoconf\scripts\build\enum\ChannelType.js
F:\1_Bizgaze_webrtc\_Project\bizgaze_meeting\videoconf\scripts\build\enum\ChannelType.js.map
F:\1_Bizgaze_webrtc\_Project\bizgaze_meeting\videoconf\scripts\build\enum\ParticipantType.js
F:\1_Bizgaze_webrtc\_Project\bizgaze_meeting\videoconf\scripts\build\enum\ParticipantType.js.map
F:\1_Bizgaze_webrtc\_Project\bizgaze_meeting\videoconf\scripts\build\model\BGMeeting.js
F:\1_Bizgaze_webrtc\_Project\bizgaze_meeting\videoconf\scripts\build\model\BGMeeting.js.map
F:\1_Bizgaze_webrtc\_Project\bizgaze_meeting\videoconf\scripts\build\lobby.js
F:\1_Bizgaze_webrtc\_Project\bizgaze_meeting\videoconf\scripts\build\lobby.js.map
F:\1_Bizgaze_webrtc\_Project\bizgaze_meeting\videoconf\scripts\build\protocol\bg.js
F:\1_Bizgaze_webrtc\_Project\bizgaze_meeting\videoconf\scripts\build\protocol\bg.js.map
F:\1_Bizgaze_webrtc\_Project\bizgaze_meeting\videoconf\scripts\build\jitsi\JitsiParticipant.js
F:\1_Bizgaze_webrtc\_Project\bizgaze_meeting\videoconf\scripts\build\jitsi\JitsiParticipant.js.map
F:\1_Bizgaze_webrtc\_Project\bizgaze_meeting\videoconf\scripts\build\model\InputDevicePolicy.js
F:\1_Bizgaze_webrtc\_Project\bizgaze_meeting\videoconf\scripts\build\model\InputDevicePolicy.js.map
F:\1_Bizgaze_webrtc\_Project\bizgaze_meeting\videoconf\scripts\build\model\BGUser.js
F:\1_Bizgaze_webrtc\_Project\bizgaze_meeting\videoconf\scripts\build\model\BGUser.js.map
F:\1_Bizgaze_webrtc\_Project\bizgaze_meeting\videoconf\scripts\build\components\vector_icon.js
F:\1_Bizgaze_webrtc\_Project\bizgaze_meeting\videoconf\scripts\build\components\vector_icon.js.map
F:\1_Bizgaze_webrtc\_Project\bizgaze_meeting\videoconf\scripts\build\enum\UserProperty.js
F:\1_Bizgaze_webrtc\_Project\bizgaze_meeting\videoconf\scripts\build\enum\UserProperty.js.map
F:\1_Bizgaze_webrtc\_Project\bizgaze_meeting\videoconf\scripts\build\model\ActiveDevices.js
F:\1_Bizgaze_webrtc\_Project\bizgaze_meeting\videoconf\scripts\build\model\ActiveDevices.js.map
F:\1_Bizgaze_webrtc\_Project\bizgaze_meeting\videoconf\scripts\build\components\SettingDialog.js
F:\1_Bizgaze_webrtc\_Project\bizgaze_meeting\videoconf\scripts\build\components\SettingDialog.js.map
F:\1_Bizgaze_webrtc\_Project\bizgaze_meeting\videoconf\scripts\build\file\FileMeta.js
F:\1_Bizgaze_webrtc\_Project\bizgaze_meeting\videoconf\scripts\build\file\FileMeta.js.map
F:\1_Bizgaze_webrtc\_Project\bizgaze_meeting\videoconf\scripts\build\file\FileReceiver.js
F:\1_Bizgaze_webrtc\_Project\bizgaze_meeting\videoconf\scripts\build\file\FileReceiver.js.map
F:\1_Bizgaze_webrtc\_Project\bizgaze_meeting\videoconf\scripts\build\file\FileSender.js
F:\1_Bizgaze_webrtc\_Project\bizgaze_meeting\videoconf\scripts\build\file\FileSender.js.map
F:\1_Bizgaze_webrtc\_Project\bizgaze_meeting\videoconf\scripts\build\util\TimeUtil.js
F:\1_Bizgaze_webrtc\_Project\bizgaze_meeting\videoconf\scripts\build\util\TimeUtil.js.map
F:\1_Bizgaze_webrtc\_Project\bizgaze_meeting\videoconf\scripts\build\util\random.js
F:\1_Bizgaze_webrtc\_Project\bizgaze_meeting\videoconf\scripts\build\util\random.js.map
F:\1_Bizgaze_webrtc\_Project\bizgaze_meeting\videoconf\scripts\build\components\ChattingPanel.js
F:\1_Bizgaze_webrtc\_Project\bizgaze_meeting\videoconf\scripts\build\components\ChattingPanel.js.map
F:\1_Bizgaze_webrtc\_Project\bizgaze_meeting\videoconf\scripts\build\components\ParticipantListPanel.js
F:\1_Bizgaze_webrtc\_Project\bizgaze_meeting\videoconf\scripts\build\components\ParticipantListPanel.js.map
F:\1_Bizgaze_webrtc\_Project\bizgaze_meeting\videoconf\scripts\build\enum\NotificationType.js
F:\1_Bizgaze_webrtc\_Project\bizgaze_meeting\videoconf\scripts\build\enum\NotificationType.js.map
F:\1_Bizgaze_webrtc\_Project\bizgaze_meeting\videoconf\scripts\build\protocol\jitsi.js
F:\1_Bizgaze_webrtc\_Project\bizgaze_meeting\videoconf\scripts\build\protocol\jitsi.js.map
F:\1_Bizgaze_webrtc\_Project\bizgaze_meeting\videoconf\scripts\build\components\AskDialog.js
F:\1_Bizgaze_webrtc\_Project\bizgaze_meeting\videoconf\scripts\build\components\AskDialog.js.map
F:\1_Bizgaze_webrtc\_Project\bizgaze_meeting\videoconf\scripts\build\meeting_ui.js
F:\1_Bizgaze_webrtc\_Project\bizgaze_meeting\videoconf\scripts\build\meeting_ui.js.map
F:\1_Bizgaze_webrtc\_Project\bizgaze_meeting\videoconf\scripts\build\jitsi\JitsiCommandParam.js
F:\1_Bizgaze_webrtc\_Project\bizgaze_meeting\videoconf\scripts\build\jitsi\JitsiCommandParam.js.map
F:\1_Bizgaze_webrtc\_Project\bizgaze_meeting\videoconf\scripts\build\jitsi\JitsiCommandQueue.js
F:\1_Bizgaze_webrtc\_Project\bizgaze_meeting\videoconf\scripts\build\jitsi\JitsiCommandQueue.js.map
F:\1_Bizgaze_webrtc\_Project\bizgaze_meeting\videoconf\scripts\build\meeting.js
F:\1_Bizgaze_webrtc\_Project\bizgaze_meeting\videoconf\scripts\build\meeting.js.map
F:\1_Bizgaze_webrtc\_Project\bizgaze_meeting\videoconf\scripts\build\meeting_list.js
F:\1_Bizgaze_webrtc\_Project\bizgaze_meeting\videoconf\scripts\build\meeting_list.js.map
F:\1_Bizgaze_webrtc\_Project\bizgaze_meeting\videoconf\scripts\build\snippet.js
F:\1_Bizgaze_webrtc\_Project\bizgaze_meeting\videoconf\scripts\build\snippet.js.map
F:\1_Bizgaze_webrtc\_Project\bizgaze_meeting\videoconf\scripts\build\jitsi\JitsiMediaDevices.js
F:\1_Bizgaze_webrtc\_Project\bizgaze_meeting\videoconf\scripts\build\jitsi\JitsiMediaDevices.js.map
