F:\1_india_webrtc\_Project\bizgaze_meeting\videoconf\scripts\build\BGC_Msg.js
F:\1_india_webrtc\_Project\bizgaze_meeting\videoconf\scripts\build\BGC_Msg.js.map
F:\1_india_webrtc\_Project\bizgaze_meeting\videoconf\scripts\build\Room.js
F:\1_india_webrtc\_Project\bizgaze_meeting\videoconf\scripts\build\Room.js.map
F:\1_india_webrtc\_Project\bizgaze_meeting\videoconf\scripts\build\TimeUtil.js
F:\1_india_webrtc\_Project\bizgaze_meeting\videoconf\scripts\build\TimeUtil.js.map
F:\1_india_webrtc\_Project\bizgaze_meeting\videoconf\scripts\build\user.js
F:\1_india_webrtc\_Project\bizgaze_meeting\videoconf\scripts\build\user.js.map
F:\1_india_webrtc\_Project\bizgaze_meeting\videoconf\scripts\build\vector_icon.js
F:\1_india_webrtc\_Project\bizgaze_meeting\videoconf\scripts\build\vector_icon.js.map
F:\1_india_webrtc\_Project\bizgaze_meeting\videoconf\scripts\build\jitsi\MediaType.js
F:\1_india_webrtc\_Project\bizgaze_meeting\videoconf\scripts\build\jitsi\MediaType.js.map
F:\1_india_webrtc\_Project\bizgaze_meeting\videoconf\scripts\build\jitsi\JitsiTrack.js
F:\1_india_webrtc\_Project\bizgaze_meeting\videoconf\scripts\build\jitsi\JitsiTrack.js.map
F:\1_india_webrtc\_Project\bizgaze_meeting\videoconf\scripts\build\jitsi\JitsiParticipant.js
F:\1_india_webrtc\_Project\bizgaze_meeting\videoconf\scripts\build\jitsi\JitsiParticipant.js.map
F:\1_india_webrtc\_Project\bizgaze_meeting\videoconf\scripts\build\jitsi\UserProperty.js
F:\1_india_webrtc\_Project\bizgaze_meeting\videoconf\scripts\build\jitsi\UserProperty.js.map
F:\1_india_webrtc\_Project\bizgaze_meeting\videoconf\scripts\build\meeting_ui.js
F:\1_india_webrtc\_Project\bizgaze_meeting\videoconf\scripts\build\meeting_ui.js.map
F:\1_india_webrtc\_Project\bizgaze_meeting\videoconf\scripts\build\peerconnection.js
F:\1_india_webrtc\_Project\bizgaze_meeting\videoconf\scripts\build\peerconnection.js.map
F:\1_india_webrtc\_Project\bizgaze_meeting\videoconf\scripts\build\jitsi\CommandParam.js
F:\1_india_webrtc\_Project\bizgaze_meeting\videoconf\scripts\build\jitsi\CommandParam.js.map
F:\1_india_webrtc\_Project\bizgaze_meeting\videoconf\scripts\build\meeting.js
F:\1_india_webrtc\_Project\bizgaze_meeting\videoconf\scripts\build\meeting.js.map
F:\1_india_webrtc\_Project\bizgaze_meeting\videoconf\scripts\build\meeting_list.js
F:\1_india_webrtc\_Project\bizgaze_meeting\videoconf\scripts\build\meeting_list.js.map
